# JRE version: Java(TM) SE Runtime Environment (8.0_162-b12) (build 1.8.0_162-b12)
# Java VM: Java HotSpot(TM) 64-Bit Server VM (25.162-b12 mixed mode windows-amd64 compressed oops)
Heap:
 PSYoungGen      total 145920K, used 97568K [0x00000000eb580000, 0x00000000f7280000, 0x0000000100000000)
  eden space 135168K, 65% used [0x00000000eb580000,0x00000000f0c62bc0,0x00000000f3980000)
  from space 10752K, 79% used [0x00000000f3980000,0x00000000f41e57f8,0x00000000f4400000)
  to   space 11776K, 0% used [0x00000000f6700000,0x00000000f6700000,0x00000000f7280000)
 ParOldGen       total 54784K, used 16731K [0x00000000c2000000, 0x00000000c5580000, 0x00000000eb580000)
  object space 54784K, 30% used [0x00000000c2000000,0x00000000c3056e20,0x00000000c5580000)
 Metaspace       used 45004K, capacity 47434K, committed 47616K, reserved 1091584K
  class space    used 5956K, capacity 6370K, committed 6400K, reserved 1048576K
GC Heap History (10 events):
Event: 5.507 GC heap before
{Heap before GC invocations=9 (full 1):
 PSYoungGen      total 70144K, used 63488K [0x00000000eb580000, 0x00000000f3e80000, 0x0000000100000000)
  eden space 63488K, 100% used [0x00000000eb580000,0x00000000ef380000,0x00000000ef380000)
  from space 6656K, 0% used [0x00000000ef380000,0x00000000ef380000,0x00000000efa00000)
  to   space 6656K, 0% used [0x00000000f3800000,0x00000000f3800000,0x00000000f3e80000)
 ParOldGen       total 33792K, used 7811K [0x00000000c2000000, 0x00000000c4100000, 0x00000000eb580000)
  object space 33792K, 23% used [0x00000000c2000000,0x00000000c27a0e20,0x00000000c4100000)
 Metaspace       used 24862K, capacity 25662K, committed 25856K, reserved 1071104K
  class space    used 3311K, capacity 3537K, committed 3584K, reserved 1048576K
Event: 5.521 GC heap after
Heap after GC invocations=9 (full 1):
 PSYoungGen      total 108544K, used 6393K [0x00000000eb580000, 0x00000000f3e80000, 0x0000000100000000)
  eden space 101888K, 0% used [0x00000000eb580000,0x00000000eb580000,0x00000000f1900000)
  from space 6656K, 96% used [0x00000000f3800000,0x00000000f3e3e550,0x00000000f3e80000)
  to   space 7168K, 0% used [0x00000000f3080000,0x00000000f3080000,0x00000000f3780000)
 ParOldGen       total 33792K, used 7819K [0x00000000c2000000, 0x00000000c4100000, 0x00000000eb580000)
  object space 33792K, 23% used [0x00000000c2000000,0x00000000c27a2e20,0x00000000c4100000)
 Metaspace       used 24862K, capacity 25662K, committed 25856K, reserved 1071104K
  class space    used 3311K, capacity 3537K, committed 3584K, reserved 1048576K
}
Event: 7.250 GC heap before
{Heap before GC invocations=10 (full 1):
 PSYoungGen      total 108544K, used 108281K [0x00000000eb580000, 0x00000000f3e80000, 0x0000000100000000)
  eden space 101888K, 100% used [0x00000000eb580000,0x00000000f1900000,0x00000000f1900000)
  from space 6656K, 96% used [0x00000000f3800000,0x00000000f3e3e550,0x00000000f3e80000)
  to   space 7168K, 0% used [0x00000000f3080000,0x00000000f3080000,0x00000000f3780000)
 ParOldGen       total 33792K, used 7819K [0x00000000c2000000, 0x00000000c4100000, 0x00000000eb580000)
  object space 33792K, 23% used [0x00000000c2000000,0x00000000c27a2e20,0x00000000c4100000)
 Metaspace       used 29912K, capacity 31426K, committed 31616K, reserved 1077248K
  class space    used 4074K, capacity 4385K, committed 4480K, reserved 1048576K
Event: 7.270 GC heap after
Heap after GC invocations=10 (full 1):
 PSYoungGen      total 133120K, used 7146K [0x00000000eb580000, 0x00000000f4d80000, 0x0000000100000000)
  eden space 125952K, 0% used [0x00000000eb580000,0x00000000eb580000,0x00000000f3080000)
  from space 7168K, 99% used [0x00000000f3080000,0x00000000f377a858,0x00000000f3780000)
  to   space 9728K, 0% used [0x00000000f4400000,0x00000000f4400000,0x00000000f4d80000)
 ParOldGen       total 33792K, used 11692K [0x00000000c2000000, 0x00000000c4100000, 0x00000000eb580000)
  object space 33792K, 34% used [0x00000000c2000000,0x00000000c2b6b228,0x00000000c4100000)
 Metaspace       used 29912K, capacity 31426K, committed 31616K, reserved 1077248K
  class space    used 4074K, capacity 4385K, committed 4480K, reserved 1048576K
}
Event: 8.229 GC heap before
{Heap before GC invocations=11 (full 1):
 PSYoungGen      total 133120K, used 69054K [0x00000000eb580000, 0x00000000f4d80000, 0x0000000100000000)
  eden space 125952K, 49% used [0x00000000eb580000,0x00000000ef1f4fd0,0x00000000f3080000)
  from space 7168K, 99% used [0x00000000f3080000,0x00000000f377a858,0x00000000f3780000)
  to   space 9728K, 0% used [0x00000000f4400000,0x00000000f4400000,0x00000000f4d80000)
 ParOldGen       total 33792K, used 11692K [0x00000000c2000000, 0x00000000c4100000, 0x00000000eb580000)
  object space 33792K, 34% used [0x00000000c2000000,0x00000000c2b6b228,0x00000000c4100000)
 Metaspace       used 33789K, capacity 35432K, committed 35496K, reserved 1079296K
  class space    used 4525K, capacity 4842K, committed 4864K, reserved 1048576K
Event: 8.253 GC heap after
Heap after GC invocations=11 (full 1):
 PSYoungGen      total 144896K, used 9560K [0x00000000eb580000, 0x00000000f6e80000, 0x0000000100000000)
  eden space 135168K, 0% used [0x00000000eb580000,0x00000000eb580000,0x00000000f3980000)
  from space 9728K, 98% used [0x00000000f4400000,0x00000000f4d56140,0x00000000f4d80000)
  to   space 10752K, 0% used [0x00000000f3980000,0x00000000f3980000,0x00000000f4400000)
 ParOldGen       total 33792K, used 13772K [0x00000000c2000000, 0x00000000c4100000, 0x00000000eb580000)
  object space 33792K, 40% used [0x00000000c2000000,0x00000000c2d73248,0x00000000c4100000)
 Metaspace       used 33789K, capacity 35432K, committed 35496K, reserved 1079296K
  class space    used 4525K, capacity 4842K, committed 4864K, reserved 1048576K
}
Event: 8.253 GC heap before
{Heap before GC invocations=12 (full 2):
 PSYoungGen      total 144896K, used 9560K [0x00000000eb580000, 0x00000000f6e80000, 0x0000000100000000)
  eden space 135168K, 0% used [0x00000000eb580000,0x00000000eb580000,0x00000000f3980000)
  from space 9728K, 98% used [0x00000000f4400000,0x00000000f4d56140,0x00000000f4d80000)
  to   space 10752K, 0% used [0x00000000f3980000,0x00000000f3980000,0x00000000f4400000)
 ParOldGen       total 33792K, used 13772K [0x00000000c2000000, 0x00000000c4100000, 0x00000000eb580000)
  object space 33792K, 40% used [0x00000000c2000000,0x00000000c2d73248,0x00000000c4100000)
 Metaspace       used 33789K, capacity 35432K, committed 35496K, reserved 1079296K
  class space    used 4525K, capacity 4842K, committed 4864K, reserved 1048576K
Event: 8.392 GC heap after
Heap after GC invocations=12 (full 2):
 PSYoungGen      total 144896K, used 0K [0x00000000eb580000, 0x00000000f6e80000, 0x0000000100000000)
  eden space 135168K, 0% used [0x00000000eb580000,0x00000000eb580000,0x00000000f3980000)
  from space 9728K, 0% used [0x00000000f4400000,0x00000000f4400000,0x00000000f4d80000)
  to   space 10752K, 0% used [0x00000000f3980000,0x00000000f3980000,0x00000000f4400000)
 ParOldGen       total 54784K, used 16723K [0x00000000c2000000, 0x00000000c5580000, 0x00000000eb580000)
  object space 54784K, 30% used [0x00000000c2000000,0x00000000c3054e20,0x00000000c5580000)
 Metaspace       used 33789K, capacity 35432K, committed 35496K, reserved 1079296K
  class space    used 4525K, capacity 4842K, committed 4864K, reserved 1048576K
}
Event: 10.131 GC heap before
{Heap before GC invocations=13 (full 2):
 PSYoungGen      total 144896K, used 135168K [0x00000000eb580000, 0x00000000f6e80000, 0x0000000100000000)
  eden space 135168K, 100% used [0x00000000eb580000,0x00000000f3980000,0x00000000f3980000)
  from space 9728K, 0% used [0x00000000f4400000,0x00000000f4400000,0x00000000f4d80000)
  to   space 10752K, 0% used [0x00000000f3980000,0x00000000f3980000,0x00000000f4400000)
 ParOldGen       total 54784K, used 16723K [0x00000000c2000000, 0x00000000c5580000, 0x00000000eb580000)
  object space 54784K, 30% used [0x00000000c2000000,0x00000000c3054e20,0x00000000c5580000)
 Metaspace       used 39069K, capacity 41310K, committed 41600K, reserved 1085440K
  class space    used 5264K, capacity 5656K, committed 5760K, reserved 1048576K
Event: 10.148 GC heap after
Heap after GC invocations=13 (full 2):
 PSYoungGen      total 145920K, used 8597K [0x00000000eb580000, 0x00000000f7280000, 0x0000000100000000)
  eden space 135168K, 0% used [0x00000000eb580000,0x00000000eb580000,0x00000000f3980000)
  from space 10752K, 79% used [0x00000000f3980000,0x00000000f41e57f8,0x00000000f4400000)
  to   space 11776K, 0% used [0x00000000f6700000,0x00000000f6700000,0x00000000f7280000)
 ParOldGen       total 54784K, used 16731K [0x00000000c2000000, 0x00000000c5580000, 0x00000000eb580000)
  object space 54784K, 30% used [0x00000000c2000000,0x00000000c3056e20,0x00000000c5580000)
 Metaspace       used 39069K, capacity 41310K, committed 41600K, reserved 1085440K
  class space    used 5264K, capacity 5656K, committed 5760K, reserved 1048576K
}

